<?xml version="1.0" encoding="UTF-8"?>
<testng-results ignored="0" total="1" passed="1" failed="0" skipped="0">
  <reporter-output>
  </reporter-output>
  <suite started-at="2026-06-09T15:08:13 IST" name="Default suite" finished-at="2026-06-09T15:08:13 IST" duration-ms="36">
    <groups>
    </groups>
    <test started-at="2026-06-09T15:08:13 IST" name="Default test" finished-at="2026-06-09T15:08:13 IST" duration-ms="36">
      <class name="Ps1">
        <test-method is-config="true" signature="before()[pri:0, instance:Ps1@7c7b252e]" started-at="2026-06-09T15:08:13 IST" name="before" finished-at="2026-06-09T15:08:13 IST" duration-ms="6" status="PASS">
          <reporter-output>
          </reporter-output>
        </test-method> <!-- before -->
        <test-method signature="getAll()[pri:0, instance:Ps1@7c7b252e]" started-at="2026-06-09T15:08:13 IST" name="getAll" finished-at="2026-06-09T15:08:13 IST" duration-ms="5" status="PASS">
          <reporter-output>
          </reporter-output>
        </test-method> <!-- getAll -->
        <test-method is-config="true" signature="sendAll()[pri:0, instance:Ps1@7c7b252e]" started-at="2026-06-09T15:08:13 IST" name="sendAll" finished-at="2026-06-09T15:08:13 IST" duration-ms="0" status="PASS">
          <reporter-output>
          </reporter-output>
        </test-method> <!-- sendAll -->
      </class> <!-- Ps1 -->
    </test> <!-- Default test -->
  </suite> <!-- Default suite -->
</testng-results>
